<?xml version="1.0" encoding="UTF-8"?>
<!-- Generated by org.testng.reporters.JUnitReportReporter -->
<testsuite hostname="cherrydeMacBook-Pro.local" name="testCases.CopyAndMoveFolderTest" tests="2" failures="0" timestamp="14 Jul 2015 04:47:11 GMT" time="29.961" errors="0">
  <testcase name="movePersonalFolder" time="17.825" classname="testCases.CopyAndMoveFolderTest"/>
  <testcase name="copyPersonalFolder" time="12.136" classname="testCases.CopyAndMoveFolderTest"/>
</testsuite> <!-- testCases.CopyAndMoveFolderTest -->
