<?xml version="1.0" encoding="UTF-8"?>
<!-- Generated by org.testng.reporters.JUnitReportReporter -->
<testsuite hostname="cherrydeMacBook-Pro.local" name="testCases.CopyAndMoveFileTest" tests="2" failures="0" timestamp="13 Jul 2015 08:28:05 GMT" time="20.540" errors="0">
  <testcase name="moveFile" time="14.510" classname="testCases.CopyAndMoveFileTest"/>
  <testcase name="copyFile" time="6.030" classname="testCases.CopyAndMoveFileTest"/>
</testsuite> <!-- testCases.CopyAndMoveFileTest -->
